{"/Users/wenpin/Repo/cs4218-project-2024-team01/client/src/components/Footer.js": {"path":"/Users/wenpin/Repo/cs4218-project-2024-team01/client/src/components/Footer.js","statementMap":{"0":{"start":{"line":4,"column":15},"end":{"line":14,"column":1}},"1":{"start":{"line":5,"column":2},"end":{"line":13,"column":4}}},"fnMap":{"0":{"name":"(anonymous_0)","decl":{"start":{"line":4,"column":15},"end":{"line":4,"column":16}},"loc":{"start":{"line":4,"column":21},"end":{"line":14,"column":1}},"line":4}},"branchMap":{},"s":{"0":2,"1":103},"f":{"0":103},"b":{},"_coverageSchema":"1a1c01bbd47fc00a2c39e90264f33305004495a9","hash":"dd3449d66393f897dda887317c3541e75f7ca04e"}
,"/Users/wenpin/Repo/cs4218-project-2024-team01/client/src/components/Header.js": {"path":"/Users/wenpin/Repo/cs4218-project-2024-team01/client/src/components/Header.js","statementMap":{"0":{"start":{"line":10,"column":15},"end":{"line":138,"column":1}},"1":{"start":{"line":11,"column":26},"end":{"line":11,"column":35}},"2":{"start":{"line":12,"column":17},"end":{"line":12,"column":26}},"3":{"start":{"line":13,"column":21},"end":{"line":13,"column":34}},"4":{"start":{"line":14,"column":23},"end":{"line":22,"column":3}},"5":{"start":{"line":15,"column":4},"end":{"line":19,"column":7}},"6":{"start":{"line":20,"column":4},"end":{"line":20,"column":36}},"7":{"start":{"line":21,"column":4},"end":{"line":21,"column":41}},"8":{"start":{"line":23,"column":2},"end":{"line":137,"column":4}},"9":{"start":{"line":64,"column":20},"end":{"line":71,"column":25}}},"fnMap":{"0":{"name":"(anonymous_0)","decl":{"start":{"line":10,"column":15},"end":{"line":10,"column":16}},"loc":{"start":{"line":10,"column":21},"end":{"line":138,"column":1}},"line":10},"1":{"name":"(anonymous_1)","decl":{"start":{"line":14,"column":23},"end":{"line":14,"column":24}},"loc":{"start":{"line":14,"column":29},"end":{"line":22,"column":3}},"line":14},"2":{"name":"(anonymous_2)","decl":{"start":{"line":63,"column":35},"end":{"line":63,"column":36}},"loc":{"start":{"line":64,"column":20},"end":{"line":71,"column":25}},"line":64}},"branchMap":{"0":{"loc":{"start":{"line":76,"column":15},"end":{"line":124,"column":15}},"type":"cond-expr","locations":[{"start":{"line":77,"column":16},"end":{"line":88,"column":19}},{"start":{"line":90,"column":16},"end":{"line":123,"column":19}}],"line":76},"1":{"loc":{"start":{"line":105,"column":28},"end":{"line":105,"column":69}},"type":"cond-expr","locations":[{"start":{"line":105,"column":53},"end":{"line":105,"column":60}},{"start":{"line":105,"column":63},"end":{"line":105,"column":69}}],"line":105}},"s":{"0":2,"1":126,"2":126,"3":126,"4":126,"5":0,"6":0,"7":0,"8":126,"9":0},"f":{"0":126,"1":0,"2":0},"b":{"0":[126,0],"1":[0,0]},"_coverageSchema":"1a1c01bbd47fc00a2c39e90264f33305004495a9","hash":"58cf348aae08d934dd79016188d90f8ed3a7a75e"}
,"/Users/wenpin/Repo/cs4218-project-2024-team01/client/src/components/Layout.js": {"path":"/Users/wenpin/Repo/cs4218-project-2024-team01/client/src/components/Layout.js","statementMap":{"0":{"start":{"line":8,"column":15},"end":{"line":26,"column":1}},"1":{"start":{"line":9,"column":2},"end":{"line":25,"column":4}},"2":{"start":{"line":28,"column":0},"end":{"line":33,"column":2}}},"fnMap":{"0":{"name":"(anonymous_0)","decl":{"start":{"line":8,"column":15},"end":{"line":8,"column":16}},"loc":{"start":{"line":8,"column":71},"end":{"line":26,"column":1}},"line":8}},"branchMap":{},"s":{"0":2,"1":103,"2":2},"f":{"0":103},"b":{},"_coverageSchema":"1a1c01bbd47fc00a2c39e90264f33305004495a9","hash":"d61d1fb758e1394b84bd3f23a53a067e09597ffb"}
,"/Users/wenpin/Repo/cs4218-project-2024-team01/client/src/components/UserMenu.js": {"path":"/Users/wenpin/Repo/cs4218-project-2024-team01/client/src/components/UserMenu.js","statementMap":{"0":{"start":{"line":3,"column":17},"end":{"line":25,"column":1}},"1":{"start":{"line":4,"column":2},"end":{"line":24,"column":4}}},"fnMap":{"0":{"name":"(anonymous_0)","decl":{"start":{"line":3,"column":17},"end":{"line":3,"column":18}},"loc":{"start":{"line":3,"column":23},"end":{"line":25,"column":1}},"line":3}},"branchMap":{},"s":{"0":4,"1":35},"f":{"0":35},"b":{},"_coverageSchema":"1a1c01bbd47fc00a2c39e90264f33305004495a9","hash":"27bd55d7181ccf82e1b4c1dbe341a1c1afb85063"}
,"/Users/wenpin/Repo/cs4218-project-2024-team01/client/src/components/Form/SearchInput.js": {"path":"/Users/wenpin/Repo/cs4218-project-2024-team01/client/src/components/Form/SearchInput.js","statementMap":{"0":{"start":{"line":5,"column":20},"end":{"line":38,"column":1}},"1":{"start":{"line":6,"column":30},"end":{"line":6,"column":41}},"2":{"start":{"line":7,"column":19},"end":{"line":7,"column":32}},"3":{"start":{"line":9,"column":23},"end":{"line":20,"column":3}},"4":{"start":{"line":10,"column":4},"end":{"line":10,"column":23}},"5":{"start":{"line":11,"column":4},"end":{"line":19,"column":5}},"6":{"start":{"line":12,"column":23},"end":{"line":14,"column":7}},"7":{"start":{"line":15,"column":6},"end":{"line":15,"column":46}},"8":{"start":{"line":16,"column":6},"end":{"line":16,"column":26}},"9":{"start":{"line":18,"column":6},"end":{"line":18,"column":25}},"10":{"start":{"line":21,"column":2},"end":{"line":37,"column":4}},"11":{"start":{"line":30,"column":27},"end":{"line":30,"column":76}}},"fnMap":{"0":{"name":"(anonymous_0)","decl":{"start":{"line":5,"column":20},"end":{"line":5,"column":21}},"loc":{"start":{"line":5,"column":26},"end":{"line":38,"column":1}},"line":5},"1":{"name":"(anonymous_1)","decl":{"start":{"line":9,"column":23},"end":{"line":9,"column":24}},"loc":{"start":{"line":9,"column":36},"end":{"line":20,"column":3}},"line":9},"2":{"name":"(anonymous_2)","decl":{"start":{"line":30,"column":20},"end":{"line":30,"column":21}},"loc":{"start":{"line":30,"column":27},"end":{"line":30,"column":76}},"line":30}},"branchMap":{},"s":{"0":2,"1":126,"2":126,"3":126,"4":0,"5":0,"6":0,"7":0,"8":0,"9":0,"10":126,"11":0},"f":{"0":126,"1":0,"2":0},"b":{},"_coverageSchema":"1a1c01bbd47fc00a2c39e90264f33305004495a9","hash":"bac6903742bca98b290c111abb31b4be7d127bcf"}
,"/Users/wenpin/Repo/cs4218-project-2024-team01/client/src/hooks/useCategory.js": {"path":"/Users/wenpin/Repo/cs4218-project-2024-team01/client/src/hooks/useCategory.js","statementMap":{"0":{"start":{"line":5,"column":38},"end":{"line":5,"column":50}},"1":{"start":{"line":8,"column":24},"end":{"line":15,"column":3}},"2":{"start":{"line":9,"column":4},"end":{"line":14,"column":5}},"3":{"start":{"line":10,"column":23},"end":{"line":10,"column":71}},"4":{"start":{"line":11,"column":6},"end":{"line":11,"column":36}},"5":{"start":{"line":13,"column":6},"end":{"line":13,"column":25}},"6":{"start":{"line":17,"column":2},"end":{"line":19,"column":9}},"7":{"start":{"line":18,"column":4},"end":{"line":18,"column":20}},"8":{"start":{"line":21,"column":2},"end":{"line":21,"column":20}}},"fnMap":{"0":{"name":"useCategory","decl":{"start":{"line":4,"column":24},"end":{"line":4,"column":35}},"loc":{"start":{"line":4,"column":38},"end":{"line":22,"column":1}},"line":4},"1":{"name":"(anonymous_1)","decl":{"start":{"line":8,"column":24},"end":{"line":8,"column":25}},"loc":{"start":{"line":8,"column":36},"end":{"line":15,"column":3}},"line":8},"2":{"name":"(anonymous_2)","decl":{"start":{"line":17,"column":12},"end":{"line":17,"column":13}},"loc":{"start":{"line":17,"column":18},"end":{"line":19,"column":3}},"line":17}},"branchMap":{},"s":{"0":126,"1":126,"2":23,"3":23,"4":23,"5":0,"6":126,"7":23,"8":126},"f":{"0":126,"1":23,"2":23},"b":{},"_coverageSchema":"1a1c01bbd47fc00a2c39e90264f33305004495a9","hash":"1b085e06c39647a409b6e19fc4bfc1519f503e59"}
,"/Users/wenpin/Repo/cs4218-project-2024-team01/client/src/pages/Auth/Login.js": {"path":"/Users/wenpin/Repo/cs4218-project-2024-team01/client/src/pages/Auth/Login.js","statementMap":{"0":{"start":{"line":9,"column":14},"end":{"line":99,"column":1}},"1":{"start":{"line":10,"column":28},"end":{"line":10,"column":40}},"2":{"start":{"line":11,"column":34},"end":{"line":11,"column":46}},"3":{"start":{"line":12,"column":26},"end":{"line":12,"column":35}},"4":{"start":{"line":15,"column":19},"end":{"line":15,"column":32}},"5":{"start":{"line":16,"column":19},"end":{"line":16,"column":32}},"6":{"start":{"line":20,"column":23},"end":{"line":50,"column":3}},"7":{"start":{"line":21,"column":4},"end":{"line":21,"column":23}},"8":{"start":{"line":22,"column":4},"end":{"line":49,"column":5}},"9":{"start":{"line":23,"column":18},"end":{"line":26,"column":8}},"10":{"start":{"line":27,"column":6},"end":{"line":45,"column":7}},"11":{"start":{"line":28,"column":8},"end":{"line":35,"column":13}},"12":{"start":{"line":36,"column":8},"end":{"line":40,"column":11}},"13":{"start":{"line":41,"column":8},"end":{"line":41,"column":63}},"14":{"start":{"line":42,"column":8},"end":{"line":42,"column":40}},"15":{"start":{"line":44,"column":8},"end":{"line":44,"column":38}},"16":{"start":{"line":47,"column":6},"end":{"line":47,"column":25}},"17":{"start":{"line":48,"column":6},"end":{"line":48,"column":42}},"18":{"start":{"line":51,"column":2},"end":{"line":98,"column":4}},"19":{"start":{"line":62,"column":31},"end":{"line":62,"column":55}},"20":{"start":{"line":73,"column":31},"end":{"line":73,"column":58}},"21":{"start":{"line":85,"column":16},"end":{"line":85,"column":45}}},"fnMap":{"0":{"name":"(anonymous_0)","decl":{"start":{"line":9,"column":14},"end":{"line":9,"column":15}},"loc":{"start":{"line":9,"column":20},"end":{"line":99,"column":1}},"line":9},"1":{"name":"(anonymous_1)","decl":{"start":{"line":20,"column":23},"end":{"line":20,"column":24}},"loc":{"start":{"line":20,"column":36},"end":{"line":50,"column":3}},"line":20},"2":{"name":"(anonymous_2)","decl":{"start":{"line":62,"column":24},"end":{"line":62,"column":25}},"loc":{"start":{"line":62,"column":31},"end":{"line":62,"column":55}},"line":62},"3":{"name":"(anonymous_3)","decl":{"start":{"line":73,"column":24},"end":{"line":73,"column":25}},"loc":{"start":{"line":73,"column":31},"end":{"line":73,"column":58}},"line":73},"4":{"name":"(anonymous_4)","decl":{"start":{"line":84,"column":23},"end":{"line":84,"column":24}},"loc":{"start":{"line":84,"column":29},"end":{"line":86,"column":15}},"line":84}},"branchMap":{"0":{"loc":{"start":{"line":27,"column":6},"end":{"line":45,"column":7}},"type":"if","locations":[{"start":{"line":27,"column":6},"end":{"line":45,"column":7}},{"start":{"line":43,"column":13},"end":{"line":45,"column":7}}],"line":27},"1":{"loc":{"start":{"line":27,"column":10},"end":{"line":27,"column":33}},"type":"binary-expr","locations":[{"start":{"line":27,"column":10},"end":{"line":27,"column":13}},{"start":{"line":27,"column":17},"end":{"line":27,"column":33}}],"line":27},"2":{"loc":{"start":{"line":28,"column":22},"end":{"line":28,"column":50}},"type":"binary-expr","locations":[{"start":{"line":28,"column":22},"end":{"line":28,"column":30}},{"start":{"line":28,"column":34},"end":{"line":28,"column":50}}],"line":28},"3":{"loc":{"start":{"line":42,"column":17},"end":{"line":42,"column":38}},"type":"binary-expr","locations":[{"start":{"line":42,"column":17},"end":{"line":42,"column":31}},{"start":{"line":42,"column":35},"end":{"line":42,"column":38}}],"line":42}},"s":{"0":1,"1":20,"2":20,"3":20,"4":20,"5":20,"6":20,"7":3,"8":3,"9":3,"10":2,"11":1,"12":1,"13":1,"14":1,"15":1,"16":1,"17":1,"18":20,"19":5,"20":5,"21":1},"f":{"0":20,"1":3,"2":5,"3":5,"4":1},"b":{"0":[1,1],"1":[2,2],"2":[1,1],"3":[1,1]},"_coverageSchema":"1a1c01bbd47fc00a2c39e90264f33305004495a9","hash":"2fdb2efd74be7d3db647493de3609786265e778e"}
,"/Users/wenpin/Repo/cs4218-project-2024-team01/client/src/pages/Auth/Register.js": {"path":"/Users/wenpin/Repo/cs4218-project-2024-team01/client/src/pages/Auth/Register.js","statementMap":{"0":{"start":{"line":7,"column":17},"end":{"line":132,"column":1}},"1":{"start":{"line":8,"column":26},"end":{"line":8,"column":38}},"2":{"start":{"line":9,"column":28},"end":{"line":9,"column":40}},"3":{"start":{"line":10,"column":34},"end":{"line":10,"column":46}},"4":{"start":{"line":11,"column":28},"end":{"line":11,"column":40}},"5":{"start":{"line":12,"column":32},"end":{"line":12,"column":44}},"6":{"start":{"line":13,"column":24},"end":{"line":13,"column":36}},"7":{"start":{"line":14,"column":30},"end":{"line":14,"column":42}},"8":{"start":{"line":15,"column":19},"end":{"line":15,"column":32}},"9":{"start":{"line":18,"column":23},"end":{"line":40,"column":3}},"10":{"start":{"line":19,"column":4},"end":{"line":19,"column":23}},"11":{"start":{"line":20,"column":4},"end":{"line":39,"column":5}},"12":{"start":{"line":21,"column":18},"end":{"line":29,"column":8}},"13":{"start":{"line":30,"column":6},"end":{"line":35,"column":7}},"14":{"start":{"line":31,"column":8},"end":{"line":31,"column":61}},"15":{"start":{"line":32,"column":8},"end":{"line":32,"column":27}},"16":{"start":{"line":34,"column":8},"end":{"line":34,"column":38}},"17":{"start":{"line":37,"column":6},"end":{"line":37,"column":25}},"18":{"start":{"line":38,"column":6},"end":{"line":38,"column":42}},"19":{"start":{"line":42,"column":2},"end":{"line":131,"column":4}},"20":{"start":{"line":51,"column":31},"end":{"line":51,"column":54}},"21":{"start":{"line":63,"column":31},"end":{"line":63,"column":55}},"22":{"start":{"line":74,"column":31},"end":{"line":74,"column":58}},"23":{"start":{"line":85,"column":31},"end":{"line":85,"column":55}},"24":{"start":{"line":96,"column":31},"end":{"line":96,"column":57}},"25":{"start":{"line":107,"column":31},"end":{"line":107,"column":53}},"26":{"start":{"line":118,"column":31},"end":{"line":118,"column":56}}},"fnMap":{"0":{"name":"(anonymous_0)","decl":{"start":{"line":7,"column":17},"end":{"line":7,"column":18}},"loc":{"start":{"line":7,"column":23},"end":{"line":132,"column":1}},"line":7},"1":{"name":"(anonymous_1)","decl":{"start":{"line":18,"column":23},"end":{"line":18,"column":24}},"loc":{"start":{"line":18,"column":36},"end":{"line":40,"column":3}},"line":18},"2":{"name":"(anonymous_2)","decl":{"start":{"line":51,"column":24},"end":{"line":51,"column":25}},"loc":{"start":{"line":51,"column":31},"end":{"line":51,"column":54}},"line":51},"3":{"name":"(anonymous_3)","decl":{"start":{"line":63,"column":24},"end":{"line":63,"column":25}},"loc":{"start":{"line":63,"column":31},"end":{"line":63,"column":55}},"line":63},"4":{"name":"(anonymous_4)","decl":{"start":{"line":74,"column":24},"end":{"line":74,"column":25}},"loc":{"start":{"line":74,"column":31},"end":{"line":74,"column":58}},"line":74},"5":{"name":"(anonymous_5)","decl":{"start":{"line":85,"column":24},"end":{"line":85,"column":25}},"loc":{"start":{"line":85,"column":31},"end":{"line":85,"column":55}},"line":85},"6":{"name":"(anonymous_6)","decl":{"start":{"line":96,"column":24},"end":{"line":96,"column":25}},"loc":{"start":{"line":96,"column":31},"end":{"line":96,"column":57}},"line":96},"7":{"name":"(anonymous_7)","decl":{"start":{"line":107,"column":24},"end":{"line":107,"column":25}},"loc":{"start":{"line":107,"column":31},"end":{"line":107,"column":53}},"line":107},"8":{"name":"(anonymous_8)","decl":{"start":{"line":118,"column":24},"end":{"line":118,"column":25}},"loc":{"start":{"line":118,"column":31},"end":{"line":118,"column":56}},"line":118}},"branchMap":{"0":{"loc":{"start":{"line":30,"column":6},"end":{"line":35,"column":7}},"type":"if","locations":[{"start":{"line":30,"column":6},"end":{"line":35,"column":7}},{"start":{"line":33,"column":13},"end":{"line":35,"column":7}}],"line":30},"1":{"loc":{"start":{"line":30,"column":10},"end":{"line":30,"column":33}},"type":"binary-expr","locations":[{"start":{"line":30,"column":10},"end":{"line":30,"column":13}},{"start":{"line":30,"column":17},"end":{"line":30,"column":33}}],"line":30}},"s":{"0":1,"1":83,"2":83,"3":83,"4":83,"5":83,"6":83,"7":83,"8":83,"9":83,"10":3,"11":3,"12":3,"13":2,"14":1,"15":1,"16":1,"17":1,"18":1,"19":83,"20":10,"21":10,"22":10,"23":10,"24":10,"25":10,"26":10},"f":{"0":83,"1":3,"2":10,"3":10,"4":10,"5":10,"6":10,"7":10,"8":10},"b":{"0":[1,1],"1":[2,2]},"_coverageSchema":"1a1c01bbd47fc00a2c39e90264f33305004495a9","hash":"59d4167b0495cb613a4f467a43518acaf186325d"}
,"/Users/wenpin/Repo/cs4218-project-2024-team01/client/src/pages/user/Dashboard.js": {"path":"/Users/wenpin/Repo/cs4218-project-2024-team01/client/src/pages/user/Dashboard.js","statementMap":{"0":{"start":{"line":5,"column":18},"end":{"line":25,"column":1}},"1":{"start":{"line":6,"column":17},"end":{"line":6,"column":26}},"2":{"start":{"line":7,"column":2},"end":{"line":24,"column":4}}},"fnMap":{"0":{"name":"(anonymous_0)","decl":{"start":{"line":5,"column":18},"end":{"line":5,"column":19}},"loc":{"start":{"line":5,"column":24},"end":{"line":25,"column":1}},"line":5}},"branchMap":{},"s":{"0":1,"1":1,"2":1},"f":{"0":1},"b":{},"_coverageSchema":"1a1c01bbd47fc00a2c39e90264f33305004495a9","hash":"43a17bfbde27e0112bbbcce54d4d3f5a1770724d"}
,"/Users/wenpin/Repo/cs4218-project-2024-team01/client/src/pages/user/Orders.js": {"path":"/Users/wenpin/Repo/cs4218-project-2024-team01/client/src/pages/user/Orders.js","statementMap":{"0":{"start":{"line":8,"column":15},"end":{"line":85,"column":1}},"1":{"start":{"line":9,"column":30},"end":{"line":9,"column":42}},"2":{"start":{"line":10,"column":26},"end":{"line":10,"column":35}},"3":{"start":{"line":11,"column":20},"end":{"line":18,"column":3}},"4":{"start":{"line":12,"column":4},"end":{"line":17,"column":5}},"5":{"start":{"line":13,"column":23},"end":{"line":13,"column":61}},"6":{"start":{"line":14,"column":6},"end":{"line":14,"column":22}},"7":{"start":{"line":16,"column":6},"end":{"line":16,"column":25}},"8":{"start":{"line":20,"column":2},"end":{"line":22,"column":20}},"9":{"start":{"line":21,"column":4},"end":{"line":21,"column":33}},"10":{"start":{"line":21,"column":21},"end":{"line":21,"column":33}},"11":{"start":{"line":23,"column":2},"end":{"line":84,"column":4}},"12":{"start":{"line":33,"column":14},"end":{"line":78,"column":16}},"13":{"start":{"line":59,"column":22},"end":{"line":74,"column":28}}},"fnMap":{"0":{"name":"(anonymous_0)","decl":{"start":{"line":8,"column":15},"end":{"line":8,"column":16}},"loc":{"start":{"line":8,"column":21},"end":{"line":85,"column":1}},"line":8},"1":{"name":"(anonymous_1)","decl":{"start":{"line":11,"column":20},"end":{"line":11,"column":21}},"loc":{"start":{"line":11,"column":32},"end":{"line":18,"column":3}},"line":11},"2":{"name":"(anonymous_2)","decl":{"start":{"line":20,"column":12},"end":{"line":20,"column":13}},"loc":{"start":{"line":20,"column":18},"end":{"line":22,"column":3}},"line":20},"3":{"name":"(anonymous_3)","decl":{"start":{"line":32,"column":25},"end":{"line":32,"column":26}},"loc":{"start":{"line":32,"column":35},"end":{"line":79,"column":13}},"line":32},"4":{"name":"(anonymous_4)","decl":{"start":{"line":58,"column":38},"end":{"line":58,"column":39}},"loc":{"start":{"line":59,"column":22},"end":{"line":74,"column":28}},"line":59}},"branchMap":{"0":{"loc":{"start":{"line":21,"column":4},"end":{"line":21,"column":33}},"type":"if","locations":[{"start":{"line":21,"column":4},"end":{"line":21,"column":33}},{"start":{},"end":{}}],"line":21},"1":{"loc":{"start":{"line":52,"column":29},"end":{"line":52,"column":70}},"type":"cond-expr","locations":[{"start":{"line":52,"column":50},"end":{"line":52,"column":59}},{"start":{"line":52,"column":62},"end":{"line":52,"column":70}}],"line":52}},"s":{"0":1,"1":4,"2":3,"3":3,"4":2,"5":2,"6":2,"7":0,"8":3,"9":2,"10":2,"11":3,"12":1,"13":3},"f":{"0":4,"1":2,"2":2,"3":1,"4":3},"b":{"0":[2,0],"1":[1,0]},"_coverageSchema":"1a1c01bbd47fc00a2c39e90264f33305004495a9","hash":"0d8a153f30219590624be30528523a87efeee6bd"}
,"/Users/wenpin/Repo/cs4218-project-2024-team01/client/src/pages/user/Profile.js": {"path":"/Users/wenpin/Repo/cs4218-project-2024-team01/client/src/pages/user/Profile.js","statementMap":{"0":{"start":{"line":7,"column":16},"end":{"line":126,"column":1}},"1":{"start":{"line":9,"column":26},"end":{"line":9,"column":35}},"2":{"start":{"line":11,"column":26},"end":{"line":11,"column":38}},"3":{"start":{"line":12,"column":28},"end":{"line":12,"column":40}},"4":{"start":{"line":13,"column":34},"end":{"line":13,"column":46}},"5":{"start":{"line":14,"column":28},"end":{"line":14,"column":40}},"6":{"start":{"line":15,"column":32},"end":{"line":15,"column":44}},"7":{"start":{"line":18,"column":2},"end":{"line":24,"column":19}},"8":{"start":{"line":19,"column":44},"end":{"line":19,"column":54}},"9":{"start":{"line":20,"column":4},"end":{"line":20,"column":18}},"10":{"start":{"line":21,"column":4},"end":{"line":21,"column":20}},"11":{"start":{"line":22,"column":4},"end":{"line":22,"column":20}},"12":{"start":{"line":23,"column":4},"end":{"line":23,"column":24}},"13":{"start":{"line":27,"column":23},"end":{"line":51,"column":3}},"14":{"start":{"line":28,"column":4},"end":{"line":28,"column":23}},"15":{"start":{"line":29,"column":4},"end":{"line":50,"column":5}},"16":{"start":{"line":30,"column":23},"end":{"line":36,"column":8}},"17":{"start":{"line":37,"column":6},"end":{"line":46,"column":7}},"18":{"start":{"line":38,"column":8},"end":{"line":38,"column":33}},"19":{"start":{"line":40,"column":8},"end":{"line":40,"column":54}},"20":{"start":{"line":41,"column":17},"end":{"line":41,"column":45}},"21":{"start":{"line":42,"column":8},"end":{"line":42,"column":28}},"22":{"start":{"line":43,"column":8},"end":{"line":43,"column":35}},"23":{"start":{"line":44,"column":8},"end":{"line":44,"column":57}},"24":{"start":{"line":45,"column":8},"end":{"line":45,"column":54}},"25":{"start":{"line":48,"column":6},"end":{"line":48,"column":25}},"26":{"start":{"line":49,"column":6},"end":{"line":49,"column":42}},"27":{"start":{"line":52,"column":2},"end":{"line":125,"column":4}},"28":{"start":{"line":67,"column":37},"end":{"line":67,"column":60}},"29":{"start":{"line":78,"column":37},"end":{"line":78,"column":61}},"30":{"start":{"line":89,"column":37},"end":{"line":89,"column":64}},"31":{"start":{"line":99,"column":37},"end":{"line":99,"column":61}},"32":{"start":{"line":109,"column":37},"end":{"line":109,"column":63}}},"fnMap":{"0":{"name":"(anonymous_0)","decl":{"start":{"line":7,"column":16},"end":{"line":7,"column":17}},"loc":{"start":{"line":7,"column":22},"end":{"line":126,"column":1}},"line":7},"1":{"name":"(anonymous_1)","decl":{"start":{"line":18,"column":12},"end":{"line":18,"column":13}},"loc":{"start":{"line":18,"column":18},"end":{"line":24,"column":3}},"line":18},"2":{"name":"(anonymous_2)","decl":{"start":{"line":27,"column":23},"end":{"line":27,"column":24}},"loc":{"start":{"line":27,"column":36},"end":{"line":51,"column":3}},"line":27},"3":{"name":"(anonymous_3)","decl":{"start":{"line":67,"column":30},"end":{"line":67,"column":31}},"loc":{"start":{"line":67,"column":37},"end":{"line":67,"column":60}},"line":67},"4":{"name":"(anonymous_4)","decl":{"start":{"line":78,"column":30},"end":{"line":78,"column":31}},"loc":{"start":{"line":78,"column":37},"end":{"line":78,"column":61}},"line":78},"5":{"name":"(anonymous_5)","decl":{"start":{"line":89,"column":30},"end":{"line":89,"column":31}},"loc":{"start":{"line":89,"column":37},"end":{"line":89,"column":64}},"line":89},"6":{"name":"(anonymous_6)","decl":{"start":{"line":99,"column":30},"end":{"line":99,"column":31}},"loc":{"start":{"line":99,"column":37},"end":{"line":99,"column":61}},"line":99},"7":{"name":"(anonymous_7)","decl":{"start":{"line":109,"column":30},"end":{"line":109,"column":31}},"loc":{"start":{"line":109,"column":37},"end":{"line":109,"column":63}},"line":109}},"branchMap":{"0":{"loc":{"start":{"line":37,"column":6},"end":{"line":46,"column":7}},"type":"if","locations":[{"start":{"line":37,"column":6},"end":{"line":46,"column":7}},{"start":{"line":39,"column":13},"end":{"line":46,"column":7}}],"line":37}},"s":{"0":1,"1":28,"2":28,"3":28,"4":28,"5":28,"6":28,"7":28,"8":6,"9":6,"10":6,"11":6,"12":6,"13":28,"14":5,"15":5,"16":5,"17":4,"18":0,"19":4,"20":4,"21":3,"22":3,"23":3,"24":3,"25":2,"26":2,"27":28,"28":3,"29":3,"30":4,"31":3,"32":3},"f":{"0":28,"1":6,"2":5,"3":3,"4":3,"5":4,"6":3,"7":3},"b":{"0":[0,4]},"_coverageSchema":"1a1c01bbd47fc00a2c39e90264f33305004495a9","hash":"a3d77a3cb10225f4ea4e9a20b14a8e9b3431f62c"}
,"/Users/wenpin/Repo/cs4218-project-2024-team01/client/src/testutils/register/registerFormBuilder.js": {"path":"/Users/wenpin/Repo/cs4218-project-2024-team01/client/src/testutils/register/registerFormBuilder.js","statementMap":{"0":{"start":{"line":3,"column":2},"end":{"line":11,"column":3}},"1":{"start":{"line":15,"column":2},"end":{"line":15,"column":30}},"2":{"start":{"line":16,"column":2},"end":{"line":16,"column":13}},"3":{"start":{"line":20,"column":2},"end":{"line":20,"column":32}},"4":{"start":{"line":21,"column":2},"end":{"line":21,"column":13}},"5":{"start":{"line":25,"column":2},"end":{"line":25,"column":32}},"6":{"start":{"line":26,"column":2},"end":{"line":26,"column":13}},"7":{"start":{"line":30,"column":2},"end":{"line":30,"column":36}},"8":{"start":{"line":31,"column":2},"end":{"line":31,"column":13}},"9":{"start":{"line":35,"column":2},"end":{"line":35,"column":34}},"10":{"start":{"line":36,"column":2},"end":{"line":36,"column":13}},"11":{"start":{"line":40,"column":2},"end":{"line":40,"column":38}},"12":{"start":{"line":41,"column":2},"end":{"line":41,"column":13}},"13":{"start":{"line":45,"column":2},"end":{"line":45,"column":28}},"14":{"start":{"line":46,"column":2},"end":{"line":46,"column":13}},"15":{"start":{"line":50,"column":2},"end":{"line":50,"column":25}}},"fnMap":{"0":{"name":"(anonymous_0)","decl":{"start":{"line":2,"column":1},"end":{"line":2,"column":2}},"loc":{"start":{"line":2,"column":15},"end":{"line":12,"column":2}},"line":2},"1":{"name":"(anonymous_1)","decl":{"start":{"line":14,"column":1},"end":{"line":14,"column":2}},"loc":{"start":{"line":14,"column":16},"end":{"line":17,"column":2}},"line":14},"2":{"name":"(anonymous_2)","decl":{"start":{"line":19,"column":1},"end":{"line":19,"column":2}},"loc":{"start":{"line":19,"column":18},"end":{"line":22,"column":2}},"line":19},"3":{"name":"(anonymous_3)","decl":{"start":{"line":24,"column":1},"end":{"line":24,"column":2}},"loc":{"start":{"line":24,"column":18},"end":{"line":27,"column":2}},"line":24},"4":{"name":"(anonymous_4)","decl":{"start":{"line":29,"column":1},"end":{"line":29,"column":2}},"loc":{"start":{"line":29,"column":22},"end":{"line":32,"column":2}},"line":29},"5":{"name":"(anonymous_5)","decl":{"start":{"line":34,"column":1},"end":{"line":34,"column":2}},"loc":{"start":{"line":34,"column":20},"end":{"line":37,"column":2}},"line":34},"6":{"name":"(anonymous_6)","decl":{"start":{"line":39,"column":1},"end":{"line":39,"column":2}},"loc":{"start":{"line":39,"column":24},"end":{"line":42,"column":2}},"line":39},"7":{"name":"(anonymous_7)","decl":{"start":{"line":44,"column":1},"end":{"line":44,"column":2}},"loc":{"start":{"line":44,"column":14},"end":{"line":47,"column":2}},"line":44},"8":{"name":"(anonymous_8)","decl":{"start":{"line":49,"column":1},"end":{"line":49,"column":2}},"loc":{"start":{"line":49,"column":9},"end":{"line":51,"column":2}},"line":49}},"branchMap":{},"s":{"0":7,"1":1,"2":1,"3":1,"4":1,"5":1,"6":1,"7":1,"8":1,"9":1,"10":1,"11":1,"12":1,"13":1,"14":1,"15":7},"f":{"0":7,"1":1,"2":1,"3":1,"4":1,"5":1,"6":1,"7":1,"8":7},"b":{},"_coverageSchema":"1a1c01bbd47fc00a2c39e90264f33305004495a9","hash":"a2b4e2ffa0fdcad4cde96bb126b30acf0bf761c5"}
,"/Users/wenpin/Repo/cs4218-project-2024-team01/controllers/authController.js": {"path":"/Users/wenpin/Repo/cs4218-project-2024-team01/controllers/authController.js","statementMap":{"0":{"start":{"line":7,"column":34},"end":{"line":63,"column":1}},"1":{"start":{"line":8,"column":2},"end":{"line":62,"column":3}},"2":{"start":{"line":9,"column":62},"end":{"line":9,"column":70}},"3":{"start":{"line":11,"column":4},"end":{"line":13,"column":5}},"4":{"start":{"line":12,"column":6},"end":{"line":12,"column":53}},"5":{"start":{"line":14,"column":4},"end":{"line":16,"column":5}},"6":{"start":{"line":15,"column":6},"end":{"line":15,"column":56}},"7":{"start":{"line":17,"column":4},"end":{"line":19,"column":5}},"8":{"start":{"line":18,"column":6},"end":{"line":18,"column":59}},"9":{"start":{"line":20,"column":4},"end":{"line":22,"column":5}},"10":{"start":{"line":21,"column":6},"end":{"line":21,"column":59}},"11":{"start":{"line":23,"column":4},"end":{"line":25,"column":5}},"12":{"start":{"line":24,"column":6},"end":{"line":24,"column":58}},"13":{"start":{"line":26,"column":4},"end":{"line":28,"column":5}},"14":{"start":{"line":27,"column":6},"end":{"line":27,"column":57}},"15":{"start":{"line":30,"column":26},"end":{"line":30,"column":60}},"16":{"start":{"line":32,"column":4},"end":{"line":37,"column":5}},"17":{"start":{"line":33,"column":6},"end":{"line":36,"column":9}},"18":{"start":{"line":39,"column":27},"end":{"line":39,"column":55}},"19":{"start":{"line":41,"column":17},"end":{"line":48,"column":13}},"20":{"start":{"line":50,"column":4},"end":{"line":54,"column":7}},"21":{"start":{"line":56,"column":4},"end":{"line":56,"column":23}},"22":{"start":{"line":57,"column":4},"end":{"line":61,"column":7}},"23":{"start":{"line":66,"column":31},"end":{"line":116,"column":1}},"24":{"start":{"line":67,"column":2},"end":{"line":115,"column":3}},"25":{"start":{"line":68,"column":32},"end":{"line":68,"column":40}},"26":{"start":{"line":70,"column":4},"end":{"line":75,"column":5}},"27":{"start":{"line":71,"column":6},"end":{"line":74,"column":9}},"28":{"start":{"line":77,"column":17},"end":{"line":77,"column":51}},"29":{"start":{"line":78,"column":4},"end":{"line":83,"column":5}},"30":{"start":{"line":79,"column":6},"end":{"line":82,"column":9}},"31":{"start":{"line":84,"column":18},"end":{"line":84,"column":64}},"32":{"start":{"line":85,"column":4},"end":{"line":90,"column":5}},"33":{"start":{"line":86,"column":6},"end":{"line":89,"column":9}},"34":{"start":{"line":92,"column":18},"end":{"line":94,"column":6}},"35":{"start":{"line":95,"column":4},"end":{"line":107,"column":7}},"36":{"start":{"line":109,"column":4},"end":{"line":109,"column":23}},"37":{"start":{"line":110,"column":4},"end":{"line":114,"column":7}},"38":{"start":{"line":120,"column":40},"end":{"line":155,"column":1}},"39":{"start":{"line":121,"column":2},"end":{"line":154,"column":3}},"40":{"start":{"line":122,"column":43},"end":{"line":122,"column":51}},"41":{"start":{"line":123,"column":4},"end":{"line":125,"column":5}},"42":{"start":{"line":124,"column":6},"end":{"line":124,"column":60}},"43":{"start":{"line":126,"column":4},"end":{"line":128,"column":5}},"44":{"start":{"line":127,"column":6},"end":{"line":127,"column":62}},"45":{"start":{"line":129,"column":4},"end":{"line":131,"column":5}},"46":{"start":{"line":130,"column":6},"end":{"line":130,"column":68}},"47":{"start":{"line":133,"column":17},"end":{"line":133,"column":59}},"48":{"start":{"line":135,"column":4},"end":{"line":140,"column":5}},"49":{"start":{"line":136,"column":6},"end":{"line":139,"column":9}},"50":{"start":{"line":141,"column":19},"end":{"line":141,"column":50}},"51":{"start":{"line":142,"column":4},"end":{"line":142,"column":70}},"52":{"start":{"line":143,"column":4},"end":{"line":146,"column":7}},"53":{"start":{"line":148,"column":4},"end":{"line":148,"column":23}},"54":{"start":{"line":149,"column":4},"end":{"line":153,"column":7}},"55":{"start":{"line":158,"column":30},"end":{"line":165,"column":1}},"56":{"start":{"line":159,"column":2},"end":{"line":164,"column":3}},"57":{"start":{"line":160,"column":4},"end":{"line":160,"column":33}},"58":{"start":{"line":162,"column":4},"end":{"line":162,"column":23}},"59":{"start":{"line":163,"column":4},"end":{"line":163,"column":24}},"60":{"start":{"line":168,"column":39},"end":{"line":200,"column":1}},"61":{"start":{"line":169,"column":2},"end":{"line":199,"column":3}},"62":{"start":{"line":170,"column":54},"end":{"line":170,"column":62}},"63":{"start":{"line":171,"column":17},"end":{"line":171,"column":55}},"64":{"start":{"line":173,"column":4},"end":{"line":175,"column":5}},"65":{"start":{"line":174,"column":6},"end":{"line":174,"column":79}},"66":{"start":{"line":176,"column":27},"end":{"line":176,"column":78}},"67":{"start":{"line":177,"column":24},"end":{"line":186,"column":5}},"68":{"start":{"line":187,"column":4},"end":{"line":191,"column":7}},"69":{"start":{"line":193,"column":4},"end":{"line":193,"column":23}},"70":{"start":{"line":194,"column":4},"end":{"line":198,"column":7}},"71":{"start":{"line":203,"column":35},"end":{"line":218,"column":1}},"72":{"start":{"line":204,"column":2},"end":{"line":217,"column":3}},"73":{"start":{"line":205,"column":19},"end":{"line":208,"column":32}},"74":{"start":{"line":209,"column":4},"end":{"line":209,"column":21}},"75":{"start":{"line":211,"column":4},"end":{"line":211,"column":23}},"76":{"start":{"line":212,"column":4},"end":{"line":216,"column":7}},"77":{"start":{"line":220,"column":38},"end":{"line":236,"column":1}},"78":{"start":{"line":221,"column":2},"end":{"line":235,"column":3}},"79":{"start":{"line":222,"column":19},"end":{"line":226,"column":32}},"80":{"start":{"line":227,"column":4},"end":{"line":227,"column":21}},"81":{"start":{"line":229,"column":4},"end":{"line":229,"column":23}},"82":{"start":{"line":230,"column":4},"end":{"line":234,"column":7}},"83":{"start":{"line":239,"column":37},"end":{"line":257,"column":1}},"84":{"start":{"line":240,"column":2},"end":{"line":256,"column":3}},"85":{"start":{"line":241,"column":24},"end":{"line":241,"column":34}},"86":{"start":{"line":242,"column":23},"end":{"line":242,"column":31}},"87":{"start":{"line":243,"column":19},"end":{"line":247,"column":5}},"88":{"start":{"line":248,"column":4},"end":{"line":248,"column":21}},"89":{"start":{"line":250,"column":4},"end":{"line":250,"column":23}},"90":{"start":{"line":251,"column":4},"end":{"line":255,"column":7}}},"fnMap":{"0":{"name":"(anonymous_0)","decl":{"start":{"line":7,"column":34},"end":{"line":7,"column":35}},"loc":{"start":{"line":7,"column":54},"end":{"line":63,"column":1}},"line":7},"1":{"name":"(anonymous_1)","decl":{"start":{"line":66,"column":31},"end":{"line":66,"column":32}},"loc":{"start":{"line":66,"column":51},"end":{"line":116,"column":1}},"line":66},"2":{"name":"(anonymous_2)","decl":{"start":{"line":120,"column":40},"end":{"line":120,"column":41}},"loc":{"start":{"line":120,"column":60},"end":{"line":155,"column":1}},"line":120},"3":{"name":"(anonymous_3)","decl":{"start":{"line":158,"column":30},"end":{"line":158,"column":31}},"loc":{"start":{"line":158,"column":44},"end":{"line":165,"column":1}},"line":158},"4":{"name":"(anonymous_4)","decl":{"start":{"line":168,"column":39},"end":{"line":168,"column":40}},"loc":{"start":{"line":168,"column":59},"end":{"line":200,"column":1}},"line":168},"5":{"name":"(anonymous_5)","decl":{"start":{"line":203,"column":35},"end":{"line":203,"column":36}},"loc":{"start":{"line":203,"column":55},"end":{"line":218,"column":1}},"line":203},"6":{"name":"(anonymous_6)","decl":{"start":{"line":220,"column":38},"end":{"line":220,"column":39}},"loc":{"start":{"line":220,"column":58},"end":{"line":236,"column":1}},"line":220},"7":{"name":"(anonymous_7)","decl":{"start":{"line":239,"column":37},"end":{"line":239,"column":38}},"loc":{"start":{"line":239,"column":57},"end":{"line":257,"column":1}},"line":239}},"branchMap":{"0":{"loc":{"start":{"line":11,"column":4},"end":{"line":13,"column":5}},"type":"if","locations":[{"start":{"line":11,"column":4},"end":{"line":13,"column":5}},{"start":{},"end":{}}],"line":11},"1":{"loc":{"start":{"line":14,"column":4},"end":{"line":16,"column":5}},"type":"if","locations":[{"start":{"line":14,"column":4},"end":{"line":16,"column":5}},{"start":{},"end":{}}],"line":14},"2":{"loc":{"start":{"line":17,"column":4},"end":{"line":19,"column":5}},"type":"if","locations":[{"start":{"line":17,"column":4},"end":{"line":19,"column":5}},{"start":{},"end":{}}],"line":17},"3":{"loc":{"start":{"line":20,"column":4},"end":{"line":22,"column":5}},"type":"if","locations":[{"start":{"line":20,"column":4},"end":{"line":22,"column":5}},{"start":{},"end":{}}],"line":20},"4":{"loc":{"start":{"line":23,"column":4},"end":{"line":25,"column":5}},"type":"if","locations":[{"start":{"line":23,"column":4},"end":{"line":25,"column":5}},{"start":{},"end":{}}],"line":23},"5":{"loc":{"start":{"line":26,"column":4},"end":{"line":28,"column":5}},"type":"if","locations":[{"start":{"line":26,"column":4},"end":{"line":28,"column":5}},{"start":{},"end":{}}],"line":26},"6":{"loc":{"start":{"line":32,"column":4},"end":{"line":37,"column":5}},"type":"if","locations":[{"start":{"line":32,"column":4},"end":{"line":37,"column":5}},{"start":{},"end":{}}],"line":32},"7":{"loc":{"start":{"line":70,"column":4},"end":{"line":75,"column":5}},"type":"if","locations":[{"start":{"line":70,"column":4},"end":{"line":75,"column":5}},{"start":{},"end":{}}],"line":70},"8":{"loc":{"start":{"line":70,"column":8},"end":{"line":70,"column":27}},"type":"binary-expr","locations":[{"start":{"line":70,"column":8},"end":{"line":70,"column":14}},{"start":{"line":70,"column":18},"end":{"line":70,"column":27}}],"line":70},"9":{"loc":{"start":{"line":78,"column":4},"end":{"line":83,"column":5}},"type":"if","locations":[{"start":{"line":78,"column":4},"end":{"line":83,"column":5}},{"start":{},"end":{}}],"line":78},"10":{"loc":{"start":{"line":85,"column":4},"end":{"line":90,"column":5}},"type":"if","locations":[{"start":{"line":85,"column":4},"end":{"line":90,"column":5}},{"start":{},"end":{}}],"line":85},"11":{"loc":{"start":{"line":123,"column":4},"end":{"line":125,"column":5}},"type":"if","locations":[{"start":{"line":123,"column":4},"end":{"line":125,"column":5}},{"start":{},"end":{}}],"line":123},"12":{"loc":{"start":{"line":126,"column":4},"end":{"line":128,"column":5}},"type":"if","locations":[{"start":{"line":126,"column":4},"end":{"line":128,"column":5}},{"start":{},"end":{}}],"line":126},"13":{"loc":{"start":{"line":129,"column":4},"end":{"line":131,"column":5}},"type":"if","locations":[{"start":{"line":129,"column":4},"end":{"line":131,"column":5}},{"start":{},"end":{}}],"line":129},"14":{"loc":{"start":{"line":135,"column":4},"end":{"line":140,"column":5}},"type":"if","locations":[{"start":{"line":135,"column":4},"end":{"line":140,"column":5}},{"start":{},"end":{}}],"line":135},"15":{"loc":{"start":{"line":173,"column":4},"end":{"line":175,"column":5}},"type":"if","locations":[{"start":{"line":173,"column":4},"end":{"line":175,"column":5}},{"start":{},"end":{}}],"line":173},"16":{"loc":{"start":{"line":173,"column":8},"end":{"line":173,"column":39}},"type":"binary-expr","locations":[{"start":{"line":173,"column":8},"end":{"line":173,"column":16}},{"start":{"line":173,"column":20},"end":{"line":173,"column":39}}],"line":173},"17":{"loc":{"start":{"line":176,"column":27},"end":{"line":176,"column":78}},"type":"cond-expr","locations":[{"start":{"line":176,"column":38},"end":{"line":176,"column":66}},{"start":{"line":176,"column":69},"end":{"line":176,"column":78}}],"line":176},"18":{"loc":{"start":{"line":180,"column":14},"end":{"line":180,"column":31}},"type":"binary-expr","locations":[{"start":{"line":180,"column":14},"end":{"line":180,"column":18}},{"start":{"line":180,"column":22},"end":{"line":180,"column":31}}],"line":180},"19":{"loc":{"start":{"line":181,"column":18},"end":{"line":181,"column":49}},"type":"binary-expr","locations":[{"start":{"line":181,"column":18},"end":{"line":181,"column":32}},{"start":{"line":181,"column":36},"end":{"line":181,"column":49}}],"line":181},"20":{"loc":{"start":{"line":182,"column":15},"end":{"line":182,"column":34}},"type":"binary-expr","locations":[{"start":{"line":182,"column":15},"end":{"line":182,"column":20}},{"start":{"line":182,"column":24},"end":{"line":182,"column":34}}],"line":182},"21":{"loc":{"start":{"line":183,"column":17},"end":{"line":183,"column":40}},"type":"binary-expr","locations":[{"start":{"line":183,"column":17},"end":{"line":183,"column":24}},{"start":{"line":183,"column":28},"end":{"line":183,"column":40}}],"line":183}},"s":{"0":1,"1":10,"2":10,"3":10,"4":2,"5":8,"6":1,"7":7,"8":1,"9":6,"10":1,"11":5,"12":1,"13":4,"14":1,"15":3,"16":2,"17":1,"18":1,"19":1,"20":1,"21":1,"22":1,"23":1,"24":6,"25":6,"26":6,"27":2,"28":4,"29":3,"30":1,"31":2,"32":2,"33":1,"34":1,"35":1,"36":1,"37":1,"38":1,"39":6,"40":6,"41":6,"42":1,"43":6,"44":2,"45":6,"46":3,"47":6,"48":5,"49":4,"50":1,"51":1,"52":1,"53":1,"54":1,"55":1,"56":2,"57":2,"58":1,"59":1,"60":1,"61":5,"62":5,"63":5,"64":4,"65":1,"66":3,"67":3,"68":1,"69":3,"70":3,"71":1,"72":4,"73":4,"74":2,"75":2,"76":2,"77":1,"78":2,"79":2,"80":1,"81":1,"82":1,"83":1,"84":6,"85":6,"86":6,"87":6,"88":1,"89":5,"90":5},"f":{"0":10,"1":6,"2":6,"3":2,"4":5,"5":4,"6":2,"7":6},"b":{"0":[2,8],"1":[1,7],"2":[1,6],"3":[1,5],"4":[1,4],"5":[1,3],"6":[1,1],"7":[2,4],"8":[6,5],"9":[1,2],"10":[1,1],"11":[1,5],"12":[2,4],"13":[3,3],"14":[4,1],"15":[1,3],"16":[4,3],"17":[2,1],"18":[3,1],"19":[2,0],"20":[2,0],"21":[2,0]},"_coverageSchema":"1a1c01bbd47fc00a2c39e90264f33305004495a9","hash":"551a8f22e98b9db0f6f07128fd4991d5957e1688"}
,"/Users/wenpin/Repo/cs4218-project-2024-team01/helpers/authHelper.js": {"path":"/Users/wenpin/Repo/cs4218-project-2024-team01/helpers/authHelper.js","statementMap":{"0":{"start":{"line":3,"column":28},"end":{"line":12,"column":1}},"1":{"start":{"line":4,"column":4},"end":{"line":11,"column":5}},"2":{"start":{"line":5,"column":27},"end":{"line":5,"column":29}},"3":{"start":{"line":6,"column":31},"end":{"line":6,"column":70}},"4":{"start":{"line":7,"column":8},"end":{"line":7,"column":30}},"5":{"start":{"line":10,"column":8},"end":{"line":10,"column":27}},"6":{"start":{"line":14,"column":31},"end":{"line":16,"column":1}},"7":{"start":{"line":15,"column":4},"end":{"line":15,"column":52}}},"fnMap":{"0":{"name":"(anonymous_0)","decl":{"start":{"line":3,"column":28},"end":{"line":3,"column":29}},"loc":{"start":{"line":3,"column":48},"end":{"line":12,"column":1}},"line":3},"1":{"name":"(anonymous_1)","decl":{"start":{"line":14,"column":31},"end":{"line":14,"column":32}},"loc":{"start":{"line":14,"column":66},"end":{"line":16,"column":1}},"line":14}},"branchMap":{},"s":{"0":2,"1":6,"2":6,"3":6,"4":5,"5":1,"6":2,"7":2},"f":{"0":6,"1":2},"b":{},"_coverageSchema":"1a1c01bbd47fc00a2c39e90264f33305004495a9","hash":"57ab43b99bf68dc23ad26c9c69400c6fc83a7f66"}
,"/Users/wenpin/Repo/cs4218-project-2024-team01/middlewares/authMiddleware.js": {"path":"/Users/wenpin/Repo/cs4218-project-2024-team01/middlewares/authMiddleware.js","statementMap":{"0":{"start":{"line":5,"column":29},"end":{"line":16,"column":1}},"1":{"start":{"line":6,"column":4},"end":{"line":15,"column":5}},"2":{"start":{"line":7,"column":23},"end":{"line":10,"column":9}},"3":{"start":{"line":11,"column":8},"end":{"line":11,"column":26}},"4":{"start":{"line":12,"column":8},"end":{"line":12,"column":15}},"5":{"start":{"line":14,"column":8},"end":{"line":14,"column":27}},"6":{"start":{"line":19,"column":23},"end":{"line":38,"column":1}},"7":{"start":{"line":20,"column":4},"end":{"line":37,"column":5}},"8":{"start":{"line":21,"column":21},"end":{"line":21,"column":59}},"9":{"start":{"line":22,"column":8},"end":{"line":29,"column":9}},"10":{"start":{"line":23,"column":12},"end":{"line":26,"column":15}},"11":{"start":{"line":28,"column":12},"end":{"line":28,"column":19}},"12":{"start":{"line":31,"column":8},"end":{"line":31,"column":27}},"13":{"start":{"line":32,"column":8},"end":{"line":36,"column":11}}},"fnMap":{"0":{"name":"(anonymous_0)","decl":{"start":{"line":5,"column":29},"end":{"line":5,"column":30}},"loc":{"start":{"line":5,"column":55},"end":{"line":16,"column":1}},"line":5},"1":{"name":"(anonymous_1)","decl":{"start":{"line":19,"column":23},"end":{"line":19,"column":24}},"loc":{"start":{"line":19,"column":49},"end":{"line":38,"column":1}},"line":19}},"branchMap":{"0":{"loc":{"start":{"line":22,"column":8},"end":{"line":29,"column":9}},"type":"if","locations":[{"start":{"line":22,"column":8},"end":{"line":29,"column":9}},{"start":{"line":27,"column":15},"end":{"line":29,"column":9}}],"line":22}},"s":{"0":1,"1":2,"2":2,"3":1,"4":1,"5":1,"6":1,"7":3,"8":3,"9":2,"10":1,"11":1,"12":1,"13":1},"f":{"0":2,"1":3},"b":{"0":[1,1]},"_coverageSchema":"1a1c01bbd47fc00a2c39e90264f33305004495a9","hash":"608e375afe9e594e20df12d03dea1fbc4bff4330"}
,"/Users/wenpin/Repo/cs4218-project-2024-team01/models/orderModel.js": {"path":"/Users/wenpin/Repo/cs4218-project-2024-team01/models/orderModel.js","statementMap":{"0":{"start":{"line":3,"column":20},"end":{"line":23,"column":1}}},"fnMap":{},"branchMap":{},"s":{"0":1},"f":{},"b":{},"_coverageSchema":"1a1c01bbd47fc00a2c39e90264f33305004495a9","hash":"7d691872d7eca40acd12b35a36069df9240b5e61"}
,"/Users/wenpin/Repo/cs4218-project-2024-team01/models/userModel.js": {"path":"/Users/wenpin/Repo/cs4218-project-2024-team01/models/userModel.js","statementMap":{"0":{"start":{"line":3,"column":19},"end":{"line":37,"column":1}}},"fnMap":{},"branchMap":{},"s":{"0":2},"f":{},"b":{},"_coverageSchema":"1a1c01bbd47fc00a2c39e90264f33305004495a9","hash":"8aa624ee59b1650937687b374894ed6e21cbbbb9"}
,"/Users/wenpin/Repo/cs4218-project-2024-team01/testutils/order/orderbuilder.js": {"path":"/Users/wenpin/Repo/cs4218-project-2024-team01/testutils/order/orderbuilder.js","statementMap":{"0":{"start":{"line":3,"column":8},"end":{"line":8,"column":9}},"1":{"start":{"line":11,"column":8},"end":{"line":11,"column":41}},"2":{"start":{"line":12,"column":8},"end":{"line":12,"column":19}},"3":{"start":{"line":16,"column":8},"end":{"line":16,"column":39}},"4":{"start":{"line":17,"column":8},"end":{"line":17,"column":19}},"5":{"start":{"line":21,"column":8},"end":{"line":21,"column":35}},"6":{"start":{"line":22,"column":8},"end":{"line":22,"column":19}},"7":{"start":{"line":26,"column":8},"end":{"line":26,"column":37}},"8":{"start":{"line":27,"column":8},"end":{"line":27,"column":19}},"9":{"start":{"line":31,"column":8},"end":{"line":31,"column":28}}},"fnMap":{"0":{"name":"(anonymous_0)","decl":{"start":{"line":2,"column":4},"end":{"line":2,"column":5}},"loc":{"start":{"line":2,"column":18},"end":{"line":9,"column":5}},"line":2},"1":{"name":"(anonymous_1)","decl":{"start":{"line":10,"column":4},"end":{"line":10,"column":5}},"loc":{"start":{"line":10,"column":27},"end":{"line":13,"column":5}},"line":10},"2":{"name":"(anonymous_2)","decl":{"start":{"line":15,"column":4},"end":{"line":15,"column":5}},"loc":{"start":{"line":15,"column":25},"end":{"line":18,"column":5}},"line":15},"3":{"name":"(anonymous_3)","decl":{"start":{"line":20,"column":4},"end":{"line":20,"column":5}},"loc":{"start":{"line":20,"column":21},"end":{"line":23,"column":5}},"line":20},"4":{"name":"(anonymous_4)","decl":{"start":{"line":25,"column":4},"end":{"line":25,"column":5}},"loc":{"start":{"line":25,"column":23},"end":{"line":28,"column":5}},"line":25},"5":{"name":"(anonymous_5)","decl":{"start":{"line":30,"column":4},"end":{"line":30,"column":5}},"loc":{"start":{"line":30,"column":12},"end":{"line":32,"column":5}},"line":30}},"branchMap":{},"s":{"0":10,"1":6,"2":6,"3":6,"4":6,"5":6,"6":6,"7":6,"8":6,"9":10},"f":{"0":10,"1":6,"2":6,"3":6,"4":6,"5":10},"b":{},"_coverageSchema":"1a1c01bbd47fc00a2c39e90264f33305004495a9","hash":"3abe57164e27d050373cc4df518dac1a0bf10267"}
,"/Users/wenpin/Repo/cs4218-project-2024-team01/testutils/user/userbuilder.js": {"path":"/Users/wenpin/Repo/cs4218-project-2024-team01/testutils/user/userbuilder.js","statementMap":{"0":{"start":{"line":3,"column":2},"end":{"line":12,"column":3}},"1":{"start":{"line":15,"column":2},"end":{"line":15,"column":26}},"2":{"start":{"line":16,"column":2},"end":{"line":16,"column":13}},"3":{"start":{"line":20,"column":2},"end":{"line":20,"column":28}},"4":{"start":{"line":21,"column":2},"end":{"line":21,"column":13}},"5":{"start":{"line":25,"column":2},"end":{"line":25,"column":28}},"6":{"start":{"line":26,"column":2},"end":{"line":26,"column":13}},"7":{"start":{"line":30,"column":2},"end":{"line":30,"column":32}},"8":{"start":{"line":31,"column":2},"end":{"line":31,"column":13}},"9":{"start":{"line":35,"column":2},"end":{"line":35,"column":30}},"10":{"start":{"line":36,"column":2},"end":{"line":36,"column":13}},"11":{"start":{"line":40,"column":2},"end":{"line":40,"column":34}},"12":{"start":{"line":41,"column":2},"end":{"line":41,"column":13}},"13":{"start":{"line":45,"column":2},"end":{"line":45,"column":26}},"14":{"start":{"line":46,"column":2},"end":{"line":46,"column":13}},"15":{"start":{"line":50,"column":2},"end":{"line":50,"column":21}}},"fnMap":{"0":{"name":"(anonymous_0)","decl":{"start":{"line":2,"column":1},"end":{"line":2,"column":2}},"loc":{"start":{"line":2,"column":15},"end":{"line":13,"column":2}},"line":2},"1":{"name":"(anonymous_1)","decl":{"start":{"line":14,"column":1},"end":{"line":14,"column":2}},"loc":{"start":{"line":14,"column":16},"end":{"line":17,"column":2}},"line":14},"2":{"name":"(anonymous_2)","decl":{"start":{"line":19,"column":1},"end":{"line":19,"column":2}},"loc":{"start":{"line":19,"column":18},"end":{"line":22,"column":2}},"line":19},"3":{"name":"(anonymous_3)","decl":{"start":{"line":24,"column":1},"end":{"line":24,"column":2}},"loc":{"start":{"line":24,"column":18},"end":{"line":27,"column":2}},"line":24},"4":{"name":"(anonymous_4)","decl":{"start":{"line":29,"column":1},"end":{"line":29,"column":2}},"loc":{"start":{"line":29,"column":22},"end":{"line":32,"column":2}},"line":29},"5":{"name":"(anonymous_5)","decl":{"start":{"line":34,"column":1},"end":{"line":34,"column":2}},"loc":{"start":{"line":34,"column":20},"end":{"line":37,"column":2}},"line":34},"6":{"name":"(anonymous_6)","decl":{"start":{"line":39,"column":1},"end":{"line":39,"column":2}},"loc":{"start":{"line":39,"column":24},"end":{"line":42,"column":2}},"line":39},"7":{"name":"(anonymous_7)","decl":{"start":{"line":44,"column":1},"end":{"line":44,"column":2}},"loc":{"start":{"line":44,"column":16},"end":{"line":47,"column":2}},"line":44},"8":{"name":"(anonymous_8)","decl":{"start":{"line":49,"column":1},"end":{"line":49,"column":2}},"loc":{"start":{"line":49,"column":9},"end":{"line":51,"column":2}},"line":49}},"branchMap":{},"s":{"0":41,"1":17,"2":17,"3":17,"4":17,"5":17,"6":17,"7":18,"8":18,"9":18,"10":18,"11":20,"12":20,"13":1,"14":1,"15":41},"f":{"0":41,"1":17,"2":17,"3":17,"4":18,"5":18,"6":20,"7":1,"8":41},"b":{},"_coverageSchema":"1a1c01bbd47fc00a2c39e90264f33305004495a9","hash":"4289f68f55dc06b4a2aeaced0cf68b9b03d37d05"}
}
