TN:
SF:client/src/components/Footer.js
FN:4,(anonymous_0)
FNF:1
FNH:1
FNDA:103,(anonymous_0)
DA:4,2
DA:5,103
LF:2
LH:2
BRF:0
BRH:0
end_of_record
TN:
SF:client/src/components/Header.js
FN:10,(anonymous_0)
FN:14,(anonymous_1)
FN:63,(anonymous_2)
FNF:3
FNH:1
FNDA:126,(anonymous_0)
FNDA:0,(anonymous_1)
FNDA:0,(anonymous_2)
DA:10,2
DA:11,126
DA:12,126
DA:13,126
DA:14,126
DA:15,0
DA:20,0
DA:21,0
DA:23,126
DA:64,0
LF:10
LH:6
BRDA:76,0,0,126
BRDA:76,0,1,0
BRDA:105,1,0,0
BRDA:105,1,1,0
BRF:4
BRH:1
end_of_record
TN:
SF:client/src/components/Layout.js
FN:8,(anonymous_0)
FNF:1
FNH:1
FNDA:103,(anonymous_0)
DA:8,2
DA:9,103
DA:28,2
LF:3
LH:3
BRF:0
BRH:0
end_of_record
TN:
SF:client/src/components/UserMenu.js
FN:3,(anonymous_0)
FNF:1
FNH:1
FNDA:35,(anonymous_0)
DA:3,4
DA:4,35
LF:2
LH:2
BRF:0
BRH:0
end_of_record
TN:
SF:client/src/components/Form/SearchInput.js
FN:5,(anonymous_0)
FN:9,(anonymous_1)
FN:30,(anonymous_2)
FNF:3
FNH:1
FNDA:126,(anonymous_0)
FNDA:0,(anonymous_1)
FNDA:0,(anonymous_2)
DA:5,2
DA:6,126
DA:7,126
DA:9,126
DA:10,0
DA:11,0
DA:12,0
DA:15,0
DA:16,0
DA:18,0
DA:21,126
DA:30,0
LF:12
LH:5
BRF:0
BRH:0
end_of_record
TN:
SF:client/src/hooks/useCategory.js
FN:4,useCategory
FN:8,(anonymous_1)
FN:17,(anonymous_2)
FNF:3
FNH:3
FNDA:126,useCategory
FNDA:23,(anonymous_1)
FNDA:23,(anonymous_2)
DA:5,126
DA:8,126
DA:9,23
DA:10,23
DA:11,23
DA:13,0
DA:17,126
DA:18,23
DA:21,126
LF:9
LH:8
BRF:0
BRH:0
end_of_record
TN:
SF:client/src/pages/Auth/Login.js
FN:9,(anonymous_0)
FN:20,(anonymous_1)
FN:62,(anonymous_2)
FN:73,(anonymous_3)
FN:84,(anonymous_4)
FNF:5
FNH:5
FNDA:20,(anonymous_0)
FNDA:3,(anonymous_1)
FNDA:5,(anonymous_2)
FNDA:5,(anonymous_3)
FNDA:1,(anonymous_4)
DA:9,1
DA:10,20
DA:11,20
DA:12,20
DA:15,20
DA:16,20
DA:20,20
DA:21,3
DA:22,3
DA:23,3
DA:27,2
DA:28,1
DA:36,1
DA:41,1
DA:42,1
DA:44,1
DA:47,1
DA:48,1
DA:51,20
DA:62,5
DA:73,5
DA:85,1
LF:22
LH:22
BRDA:27,0,0,1
BRDA:27,0,1,1
BRDA:27,1,0,2
BRDA:27,1,1,2
BRDA:28,2,0,1
BRDA:28,2,1,1
BRDA:42,3,0,1
BRDA:42,3,1,1
BRF:8
BRH:8
end_of_record
TN:
SF:client/src/pages/Auth/Register.js
FN:7,(anonymous_0)
FN:18,(anonymous_1)
FN:51,(anonymous_2)
FN:63,(anonymous_3)
FN:74,(anonymous_4)
FN:85,(anonymous_5)
FN:96,(anonymous_6)
FN:107,(anonymous_7)
FN:118,(anonymous_8)
FNF:9
FNH:9
FNDA:83,(anonymous_0)
FNDA:3,(anonymous_1)
FNDA:10,(anonymous_2)
FNDA:10,(anonymous_3)
FNDA:10,(anonymous_4)
FNDA:10,(anonymous_5)
FNDA:10,(anonymous_6)
FNDA:10,(anonymous_7)
FNDA:10,(anonymous_8)
DA:7,1
DA:8,83
DA:9,83
DA:10,83
DA:11,83
DA:12,83
DA:13,83
DA:14,83
DA:15,83
DA:18,83
DA:19,3
DA:20,3
DA:21,3
DA:30,2
DA:31,1
DA:32,1
DA:34,1
DA:37,1
DA:38,1
DA:42,83
DA:51,10
DA:63,10
DA:74,10
DA:85,10
DA:96,10
DA:107,10
DA:118,10
LF:27
LH:27
BRDA:30,0,0,1
BRDA:30,0,1,1
BRDA:30,1,0,2
BRDA:30,1,1,2
BRF:4
BRH:4
end_of_record
TN:
SF:client/src/pages/user/Dashboard.js
FN:5,(anonymous_0)
FNF:1
FNH:1
FNDA:1,(anonymous_0)
DA:5,1
DA:6,1
DA:7,1
LF:3
LH:3
BRF:0
BRH:0
end_of_record
TN:
SF:client/src/pages/user/Orders.js
FN:8,(anonymous_0)
FN:11,(anonymous_1)
FN:20,(anonymous_2)
FN:32,(anonymous_3)
FN:58,(anonymous_4)
FNF:5
FNH:5
FNDA:4,(anonymous_0)
FNDA:2,(anonymous_1)
FNDA:2,(anonymous_2)
FNDA:1,(anonymous_3)
FNDA:3,(anonymous_4)
DA:8,1
DA:9,4
DA:10,3
DA:11,3
DA:12,2
DA:13,2
DA:14,2
DA:16,0
DA:20,3
DA:21,2
DA:23,3
DA:33,1
DA:59,3
LF:13
LH:12
BRDA:21,0,0,2
BRDA:21,0,1,0
BRDA:52,1,0,1
BRDA:52,1,1,0
BRF:4
BRH:2
end_of_record
TN:
SF:client/src/pages/user/Profile.js
FN:7,(anonymous_0)
FN:18,(anonymous_1)
FN:27,(anonymous_2)
FN:67,(anonymous_3)
FN:78,(anonymous_4)
FN:89,(anonymous_5)
FN:99,(anonymous_6)
FN:109,(anonymous_7)
FNF:8
FNH:8
FNDA:28,(anonymous_0)
FNDA:6,(anonymous_1)
FNDA:5,(anonymous_2)
FNDA:3,(anonymous_3)
FNDA:3,(anonymous_4)
FNDA:4,(anonymous_5)
FNDA:3,(anonymous_6)
FNDA:3,(anonymous_7)
DA:7,1
DA:9,28
DA:11,28
DA:12,28
DA:13,28
DA:14,28
DA:15,28
DA:18,28
DA:19,6
DA:20,6
DA:21,6
DA:22,6
DA:23,6
DA:27,28
DA:28,5
DA:29,5
DA:30,5
DA:37,4
DA:38,0
DA:40,4
DA:41,4
DA:42,3
DA:43,3
DA:44,3
DA:45,3
DA:48,2
DA:49,2
DA:52,28
DA:67,3
DA:78,3
DA:89,4
DA:99,3
DA:109,3
LF:33
LH:32
BRDA:37,0,0,0
BRDA:37,0,1,4
BRF:2
BRH:1
end_of_record
TN:
SF:client/src/testutils/register/registerFormBuilder.js
FN:2,(anonymous_0)
FN:14,(anonymous_1)
FN:19,(anonymous_2)
FN:24,(anonymous_3)
FN:29,(anonymous_4)
FN:34,(anonymous_5)
FN:39,(anonymous_6)
FN:44,(anonymous_7)
FN:49,(anonymous_8)
FNF:9
FNH:9
FNDA:7,(anonymous_0)
FNDA:1,(anonymous_1)
FNDA:1,(anonymous_2)
FNDA:1,(anonymous_3)
FNDA:1,(anonymous_4)
FNDA:1,(anonymous_5)
FNDA:1,(anonymous_6)
FNDA:1,(anonymous_7)
FNDA:7,(anonymous_8)
DA:3,7
DA:15,1
DA:16,1
DA:20,1
DA:21,1
DA:25,1
DA:26,1
DA:30,1
DA:31,1
DA:35,1
DA:36,1
DA:40,1
DA:41,1
DA:45,1
DA:46,1
DA:50,7
LF:16
LH:16
BRF:0
BRH:0
end_of_record
TN:
SF:controllers/authController.js
FN:7,(anonymous_0)
FN:66,(anonymous_1)
FN:120,(anonymous_2)
FN:158,(anonymous_3)
FN:168,(anonymous_4)
FN:203,(anonymous_5)
FN:220,(anonymous_6)
FN:239,(anonymous_7)
FNF:8
FNH:8
FNDA:10,(anonymous_0)
FNDA:6,(anonymous_1)
FNDA:6,(anonymous_2)
FNDA:2,(anonymous_3)
FNDA:5,(anonymous_4)
FNDA:4,(anonymous_5)
FNDA:2,(anonymous_6)
FNDA:6,(anonymous_7)
DA:7,2
DA:8,10
DA:9,10
DA:11,10
DA:12,2
DA:14,8
DA:15,1
DA:17,7
DA:18,1
DA:20,6
DA:21,1
DA:23,5
DA:24,1
DA:26,4
DA:27,1
DA:30,3
DA:32,2
DA:33,1
DA:39,1
DA:41,1
DA:50,1
DA:56,1
DA:57,1
DA:66,2
DA:67,6
DA:68,6
DA:70,6
DA:71,2
DA:77,4
DA:78,3
DA:79,1
DA:84,2
DA:85,2
DA:86,1
DA:92,1
DA:95,1
DA:109,1
DA:110,1
DA:120,2
DA:121,6
DA:122,6
DA:123,6
DA:124,1
DA:126,6
DA:127,2
DA:129,6
DA:130,3
DA:133,6
DA:135,5
DA:136,4
DA:141,1
DA:142,1
DA:143,1
DA:148,1
DA:149,1
DA:158,2
DA:159,2
DA:160,2
DA:162,1
DA:163,1
DA:168,2
DA:169,5
DA:170,5
DA:171,5
DA:173,4
DA:174,1
DA:176,3
DA:177,3
DA:187,1
DA:193,3
DA:194,3
DA:203,2
DA:204,4
DA:205,4
DA:209,2
DA:211,2
DA:212,2
DA:220,2
DA:221,2
DA:222,2
DA:227,1
DA:229,1
DA:230,1
DA:239,2
DA:240,6
DA:241,6
DA:242,6
DA:243,6
DA:248,1
DA:250,5
DA:251,5
LF:91
LH:91
BRDA:11,0,0,2
BRDA:11,0,1,8
BRDA:14,1,0,1
BRDA:14,1,1,7
BRDA:17,2,0,1
BRDA:17,2,1,6
BRDA:20,3,0,1
BRDA:20,3,1,5
BRDA:23,4,0,1
BRDA:23,4,1,4
BRDA:26,5,0,1
BRDA:26,5,1,3
BRDA:32,6,0,1
BRDA:32,6,1,1
BRDA:70,7,0,2
BRDA:70,7,1,4
BRDA:70,8,0,6
BRDA:70,8,1,5
BRDA:78,9,0,1
BRDA:78,9,1,2
BRDA:85,10,0,1
BRDA:85,10,1,1
BRDA:123,11,0,1
BRDA:123,11,1,5
BRDA:126,12,0,2
BRDA:126,12,1,4
BRDA:129,13,0,3
BRDA:129,13,1,3
BRDA:135,14,0,4
BRDA:135,14,1,1
BRDA:173,15,0,1
BRDA:173,15,1,3
BRDA:173,16,0,4
BRDA:173,16,1,3
BRDA:176,17,0,2
BRDA:176,17,1,1
BRDA:180,18,0,3
BRDA:180,18,1,1
BRDA:181,19,0,2
BRDA:181,19,1,0
BRDA:182,20,0,2
BRDA:182,20,1,0
BRDA:183,21,0,2
BRDA:183,21,1,0
BRF:44
BRH:41
end_of_record
TN:
SF:helpers/authHelper.js
FN:3,(anonymous_0)
FN:14,(anonymous_1)
FNF:2
FNH:2
FNDA:6,(anonymous_0)
FNDA:2,(anonymous_1)
DA:3,3
DA:4,6
DA:5,6
DA:6,6
DA:7,5
DA:10,1
DA:14,3
DA:15,2
LF:8
LH:8
BRF:0
BRH:0
end_of_record
TN:
SF:middlewares/authMiddleware.js
FN:5,(anonymous_0)
FN:19,(anonymous_1)
FNF:2
FNH:2
FNDA:2,(anonymous_0)
FNDA:3,(anonymous_1)
DA:5,1
DA:6,2
DA:7,2
DA:11,1
DA:12,1
DA:14,1
DA:19,1
DA:20,3
DA:21,3
DA:22,2
DA:23,1
DA:28,1
DA:31,1
DA:32,1
LF:14
LH:14
BRDA:22,0,0,1
BRDA:22,0,1,1
BRF:2
BRH:2
end_of_record
TN:
SF:models/orderModel.js
FNF:0
FNH:0
DA:3,2
LF:1
LH:1
BRF:0
BRH:0
end_of_record
TN:
SF:models/userModel.js
FNF:0
FNH:0
DA:3,3
LF:1
LH:1
BRF:0
BRH:0
end_of_record
TN:
SF:testutils/order/orderbuilder.js
FN:2,(anonymous_0)
FN:10,(anonymous_1)
FN:15,(anonymous_2)
FN:20,(anonymous_3)
FN:25,(anonymous_4)
FN:30,(anonymous_5)
FNF:6
FNH:6
FNDA:10,(anonymous_0)
FNDA:6,(anonymous_1)
FNDA:6,(anonymous_2)
FNDA:6,(anonymous_3)
FNDA:6,(anonymous_4)
FNDA:10,(anonymous_5)
DA:3,10
DA:11,6
DA:12,6
DA:16,6
DA:17,6
DA:21,6
DA:22,6
DA:26,6
DA:27,6
DA:31,10
LF:10
LH:10
BRF:0
BRH:0
end_of_record
TN:
SF:testutils/user/userbuilder.js
FN:2,(anonymous_0)
FN:14,(anonymous_1)
FN:19,(anonymous_2)
FN:24,(anonymous_3)
FN:29,(anonymous_4)
FN:34,(anonymous_5)
FN:39,(anonymous_6)
FN:44,(anonymous_7)
FN:49,(anonymous_8)
FNF:9
FNH:9
FNDA:41,(anonymous_0)
FNDA:17,(anonymous_1)
FNDA:17,(anonymous_2)
FNDA:17,(anonymous_3)
FNDA:18,(anonymous_4)
FNDA:18,(anonymous_5)
FNDA:20,(anonymous_6)
FNDA:1,(anonymous_7)
FNDA:41,(anonymous_8)
DA:3,41
DA:15,17
DA:16,17
DA:20,17
DA:21,17
DA:25,17
DA:26,17
DA:30,18
DA:31,18
DA:35,18
DA:36,18
DA:40,20
DA:41,20
DA:45,1
DA:46,1
DA:50,41
LF:16
LH:16
BRF:0
BRH:0
end_of_record
